Analysis & Synthesis report for Authenticator
Fri May 06 15:30:51 2022
Quartus Prime Version 20.1.1 Build 720 11/11/2020 SJ Lite Edition


---------------------
; Table of Contents ;
---------------------
  1. Legal Notice
  2. Analysis & Synthesis Summary
  3. Analysis & Synthesis Settings
  4. Parallel Compilation
  5. Analysis & Synthesis Source Files Read
  6. Analysis & Synthesis Resource Usage Summary
  7. Analysis & Synthesis Resource Utilization by Entity
  8. Analysis & Synthesis RAM Summary
  9. State Machine - |Authenticator|PasswordHandler:Check_Password|State
 10. State Machine - |Authenticator|IDHandler:Check_ID|State
 11. State Machine - |Authenticator|ButtonShaper:ButtonPulse|State
 12. Registers Removed During Synthesis
 13. General Register Statistics
 14. Multiplexer Restructuring Statistics (Restructuring Performed)
 15. Source assignments for IDHandler:Check_ID|PlayerIDROM_16:PlayerID_ROM|altsyncram:altsyncram_component|altsyncram_03g1:auto_generated
 16. Source assignments for PasswordHandler:Check_Password|PasswordROM_24:PasswordROM|altsyncram:altsyncram_component|altsyncram_ndg1:auto_generated
 17. Parameter Settings for User Entity Instance: ButtonShaper:ButtonPulse
 18. Parameter Settings for User Entity Instance: IDHandler:Check_ID
 19. Parameter Settings for User Entity Instance: IDHandler:Check_ID|PlayerIDROM_16:PlayerID_ROM|altsyncram:altsyncram_component
 20. Parameter Settings for User Entity Instance: PasswordHandler:Check_Password
 21. Parameter Settings for User Entity Instance: PasswordHandler:Check_Password|PasswordROM_24:PasswordROM|altsyncram:altsyncram_component
 22. altsyncram Parameter Settings by Entity Instance
 23. Port Connectivity Checks: "PasswordHandler:Check_Password"
 24. Post-Synthesis Netlist Statistics for Top Partition
 25. Elapsed Time Per Partition
 26. Analysis & Synthesis Messages
 27. Analysis & Synthesis Suppressed Messages



----------------
; Legal Notice ;
----------------
Copyright (C) 2020  Intel Corporation. All rights reserved.
Your use of Intel Corporation's design tools, logic functions 
and other software and tools, and any partner logic 
functions, and any output files from any of the foregoing 
(including device programming or simulation files), and any 
associated documentation or information are expressly subject 
to the terms and conditions of the Intel Program License 
Subscription Agreement, the Intel Quartus Prime License Agreement,
the Intel FPGA IP License Agreement, or other applicable license
agreement, including, without limitation, that your use is for
the sole purpose of programming logic devices manufactured by
Intel and sold by Intel or its authorized distributors.  Please
refer to the applicable agreement for further details, at
https://fpgasoftware.intel.com/eula.



+-------------------------------------------------------------------------------+
; Analysis & Synthesis Summary                                                  ;
+---------------------------------+---------------------------------------------+
; Analysis & Synthesis Status     ; Successful - Fri May 06 15:30:51 2022       ;
; Quartus Prime Version           ; 20.1.1 Build 720 11/11/2020 SJ Lite Edition ;
; Revision Name                   ; Authenticator                               ;
; Top-level Entity Name           ; Authenticator                               ;
; Family                          ; Cyclone V                                   ;
; Logic utilization (in ALMs)     ; N/A                                         ;
; Total registers                 ; 129                                         ;
; Total pins                      ; 16                                          ;
; Total virtual pins              ; 0                                           ;
; Total block memory bits         ; 1,280                                       ;
; Total DSP Blocks                ; 0                                           ;
; Total HSSI RX PCSs              ; 0                                           ;
; Total HSSI PMA RX Deserializers ; 0                                           ;
; Total HSSI TX PCSs              ; 0                                           ;
; Total HSSI PMA TX Serializers   ; 0                                           ;
; Total PLLs                      ; 0                                           ;
; Total DLLs                      ; 0                                           ;
+---------------------------------+---------------------------------------------+


+---------------------------------------------------------------------------------------------------------------------------+
; Analysis & Synthesis Settings                                                                                             ;
+---------------------------------------------------------------------------------+--------------------+--------------------+
; Option                                                                          ; Setting            ; Default Value      ;
+---------------------------------------------------------------------------------+--------------------+--------------------+
; Device                                                                          ; 5CEBA4F23C7        ;                    ;
; Top-level entity name                                                           ; Authenticator      ; Authenticator      ;
; Family name                                                                     ; Cyclone V          ; Cyclone V          ;
; Use smart compilation                                                           ; Off                ; Off                ;
; Enable parallel Assembler and Timing Analyzer during compilation                ; On                 ; On                 ;
; Enable compact report table                                                     ; Off                ; Off                ;
; Restructure Multiplexers                                                        ; Auto               ; Auto               ;
; MLAB Add Timing Constraints For Mixed-Port Feed-Through Mode Setting Don't Care ; Off                ; Off                ;
; Create Debugging Nodes for IP Cores                                             ; Off                ; Off                ;
; Preserve fewer node names                                                       ; On                 ; On                 ;
; Intel FPGA IP Evaluation Mode                                                   ; Enable             ; Enable             ;
; Verilog Version                                                                 ; Verilog_2001       ; Verilog_2001       ;
; VHDL Version                                                                    ; VHDL_1993          ; VHDL_1993          ;
; State Machine Processing                                                        ; Auto               ; Auto               ;
; Safe State Machine                                                              ; Off                ; Off                ;
; Extract Verilog State Machines                                                  ; On                 ; On                 ;
; Extract VHDL State Machines                                                     ; On                 ; On                 ;
; Ignore Verilog initial constructs                                               ; Off                ; Off                ;
; Iteration limit for constant Verilog loops                                      ; 5000               ; 5000               ;
; Iteration limit for non-constant Verilog loops                                  ; 250                ; 250                ;
; Add Pass-Through Logic to Inferred RAMs                                         ; On                 ; On                 ;
; Infer RAMs from Raw Logic                                                       ; On                 ; On                 ;
; Parallel Synthesis                                                              ; On                 ; On                 ;
; DSP Block Balancing                                                             ; Auto               ; Auto               ;
; NOT Gate Push-Back                                                              ; On                 ; On                 ;
; Power-Up Don't Care                                                             ; On                 ; On                 ;
; Remove Redundant Logic Cells                                                    ; Off                ; Off                ;
; Remove Duplicate Registers                                                      ; On                 ; On                 ;
; Ignore CARRY Buffers                                                            ; Off                ; Off                ;
; Ignore CASCADE Buffers                                                          ; Off                ; Off                ;
; Ignore GLOBAL Buffers                                                           ; Off                ; Off                ;
; Ignore ROW GLOBAL Buffers                                                       ; Off                ; Off                ;
; Ignore LCELL Buffers                                                            ; Off                ; Off                ;
; Ignore SOFT Buffers                                                             ; On                 ; On                 ;
; Limit AHDL Integers to 32 Bits                                                  ; Off                ; Off                ;
; Optimization Technique                                                          ; Balanced           ; Balanced           ;
; Carry Chain Length                                                              ; 70                 ; 70                 ;
; Auto Carry Chains                                                               ; On                 ; On                 ;
; Auto Open-Drain Pins                                                            ; On                 ; On                 ;
; Perform WYSIWYG Primitive Resynthesis                                           ; Off                ; Off                ;
; Auto ROM Replacement                                                            ; On                 ; On                 ;
; Auto RAM Replacement                                                            ; On                 ; On                 ;
; Auto DSP Block Replacement                                                      ; On                 ; On                 ;
; Auto Shift Register Replacement                                                 ; Auto               ; Auto               ;
; Allow Shift Register Merging across Hierarchies                                 ; Auto               ; Auto               ;
; Auto Clock Enable Replacement                                                   ; On                 ; On                 ;
; Strict RAM Replacement                                                          ; Off                ; Off                ;
; Allow Synchronous Control Signals                                               ; On                 ; On                 ;
; Force Use of Synchronous Clear Signals                                          ; Off                ; Off                ;
; Auto Resource Sharing                                                           ; Off                ; Off                ;
; Allow Any RAM Size For Recognition                                              ; Off                ; Off                ;
; Allow Any ROM Size For Recognition                                              ; Off                ; Off                ;
; Allow Any Shift Register Size For Recognition                                   ; Off                ; Off                ;
; Use LogicLock Constraints during Resource Balancing                             ; On                 ; On                 ;
; Ignore translate_off and synthesis_off directives                               ; Off                ; Off                ;
; Timing-Driven Synthesis                                                         ; On                 ; On                 ;
; Report Parameter Settings                                                       ; On                 ; On                 ;
; Report Source Assignments                                                       ; On                 ; On                 ;
; Report Connectivity Checks                                                      ; On                 ; On                 ;
; Ignore Maximum Fan-Out Assignments                                              ; Off                ; Off                ;
; Synchronization Register Chain Length                                           ; 3                  ; 3                  ;
; Power Optimization During Synthesis                                             ; Normal compilation ; Normal compilation ;
; HDL message level                                                               ; Level2             ; Level2             ;
; Suppress Register Optimization Related Messages                                 ; Off                ; Off                ;
; Number of Removed Registers Reported in Synthesis Report                        ; 5000               ; 5000               ;
; Number of Swept Nodes Reported in Synthesis Report                              ; 5000               ; 5000               ;
; Number of Inverted Registers Reported in Synthesis Report                       ; 100                ; 100                ;
; Clock MUX Protection                                                            ; On                 ; On                 ;
; Auto Gated Clock Conversion                                                     ; Off                ; Off                ;
; Block Design Naming                                                             ; Auto               ; Auto               ;
; SDC constraint protection                                                       ; Off                ; Off                ;
; Synthesis Effort                                                                ; Auto               ; Auto               ;
; Shift Register Replacement - Allow Asynchronous Clear Signal                    ; On                 ; On                 ;
; Pre-Mapping Resynthesis Optimization                                            ; Off                ; Off                ;
; Analysis & Synthesis Message Level                                              ; Medium             ; Medium             ;
; Disable Register Merging Across Hierarchies                                     ; Auto               ; Auto               ;
; Resource Aware Inference For Block RAM                                          ; On                 ; On                 ;
; Automatic Parallel Synthesis                                                    ; On                 ; On                 ;
; Partial Reconfiguration Bitstream ID                                            ; Off                ; Off                ;
+---------------------------------------------------------------------------------+--------------------+--------------------+


+------------------------------------------+
; Parallel Compilation                     ;
+----------------------------+-------------+
; Processors                 ; Number      ;
+----------------------------+-------------+
; Number detected on machine ; 12          ;
; Maximum allowed            ; 6           ;
;                            ;             ;
; Average used               ; 1.00        ;
; Maximum used               ; 6           ;
;                            ;             ;
; Usage by Processor         ; % Time Used ;
;     Processor 1            ; 100.0%      ;
;     Processors 2-6         ;   0.0%      ;
+----------------------------+-------------+


+---------------------------------------------------------------------------------------------------------------------------------------------------------------------------------------------------------------------------------------------------+
; Analysis & Synthesis Source Files Read                                                                                                                                                                                                            ;
+----------------------------------+-----------------+---------------------------------------+--------------------------------------------------------------------------------------------------------------------------------------------+---------+
; File Name with User-Entered Path ; Used in Netlist ; File Type                             ; File Name with Absolute Path                                                                                                               ; Library ;
+----------------------------------+-----------------+---------------------------------------+--------------------------------------------------------------------------------------------------------------------------------------------+---------+
; ../../src/PlayerIDROM_16.v       ; yes             ; User Wizard-Generated File            ; C:/Users/User/Desktop/ECE UH/ECE Courses/ECE 5440 - Advanced Digital Design/Project/SegmentRunner/src/PlayerIDROM_16.v                     ;         ;
; ../../src/PasswordROM_24.v       ; yes             ; User Wizard-Generated File            ; C:/Users/User/Desktop/ECE UH/ECE Courses/ECE 5440 - Advanced Digital Design/Project/SegmentRunner/src/PasswordROM_24.v                     ;         ;
; ../../src/PasswordHandler.v      ; yes             ; User Verilog HDL File                 ; C:/Users/User/Desktop/ECE UH/ECE Courses/ECE 5440 - Advanced Digital Design/Project/SegmentRunner/src/PasswordHandler.v                    ;         ;
; ../../src/Password_memory.hex    ; yes             ; User Hexadecimal (Intel-Format) File  ; C:/Users/User/Desktop/ECE UH/ECE Courses/ECE 5440 - Advanced Digital Design/Project/SegmentRunner/src/Password_memory.hex                  ;         ;
; ../../src/IDROM_memory.hex       ; yes             ; User Hexadecimal (Intel-Format) File  ; C:/Users/User/Desktop/ECE UH/ECE Courses/ECE 5440 - Advanced Digital Design/Project/SegmentRunner/src/IDROM_memory.hex                     ;         ;
; ../../src/IDHandler.v            ; yes             ; User Verilog HDL File                 ; C:/Users/User/Desktop/ECE UH/ECE Courses/ECE 5440 - Advanced Digital Design/Project/SegmentRunner/src/IDHandler.v                          ;         ;
; ../../src/ButtonShaper.v         ; yes             ; User Verilog HDL File                 ; C:/Users/User/Desktop/ECE UH/ECE Courses/ECE 5440 - Advanced Digital Design/Project/SegmentRunner/src/ButtonShaper.v                       ;         ;
; ../../src/Authenticator.v        ; yes             ; User Verilog HDL File                 ; C:/Users/User/Desktop/ECE UH/ECE Courses/ECE 5440 - Advanced Digital Design/Project/SegmentRunner/src/Authenticator.v                      ;         ;
; altsyncram.tdf                   ; yes             ; Megafunction                          ; c:/intelfpga_lite/20.1/quartus/libraries/megafunctions/altsyncram.tdf                                                                      ;         ;
; stratix_ram_block.inc            ; yes             ; Megafunction                          ; c:/intelfpga_lite/20.1/quartus/libraries/megafunctions/stratix_ram_block.inc                                                               ;         ;
; lpm_mux.inc                      ; yes             ; Megafunction                          ; c:/intelfpga_lite/20.1/quartus/libraries/megafunctions/lpm_mux.inc                                                                         ;         ;
; lpm_decode.inc                   ; yes             ; Megafunction                          ; c:/intelfpga_lite/20.1/quartus/libraries/megafunctions/lpm_decode.inc                                                                      ;         ;
; aglobal201.inc                   ; yes             ; Megafunction                          ; c:/intelfpga_lite/20.1/quartus/libraries/megafunctions/aglobal201.inc                                                                      ;         ;
; a_rdenreg.inc                    ; yes             ; Megafunction                          ; c:/intelfpga_lite/20.1/quartus/libraries/megafunctions/a_rdenreg.inc                                                                       ;         ;
; altrom.inc                       ; yes             ; Megafunction                          ; c:/intelfpga_lite/20.1/quartus/libraries/megafunctions/altrom.inc                                                                          ;         ;
; altram.inc                       ; yes             ; Megafunction                          ; c:/intelfpga_lite/20.1/quartus/libraries/megafunctions/altram.inc                                                                          ;         ;
; altdpram.inc                     ; yes             ; Megafunction                          ; c:/intelfpga_lite/20.1/quartus/libraries/megafunctions/altdpram.inc                                                                        ;         ;
; db/altsyncram_03g1.tdf           ; yes             ; Auto-Generated Megafunction           ; C:/Users/User/Desktop/ECE UH/ECE Courses/ECE 5440 - Advanced Digital Design/Project/SegmentRunner/syn/Authenticator/db/altsyncram_03g1.tdf ;         ;
; db/altsyncram_ndg1.tdf           ; yes             ; Auto-Generated Megafunction           ; C:/Users/User/Desktop/ECE UH/ECE Courses/ECE 5440 - Advanced Digital Design/Project/SegmentRunner/syn/Authenticator/db/altsyncram_ndg1.tdf ;         ;
+----------------------------------+-----------------+---------------------------------------+--------------------------------------------------------------------------------------------------------------------------------------------+---------+


+---------------------------------------------------------+
; Analysis & Synthesis Resource Usage Summary             ;
+---------------------------------------------+-----------+
; Resource                                    ; Usage     ;
+---------------------------------------------+-----------+
; Estimate of Logic utilization (ALMs needed) ; 83        ;
;                                             ;           ;
; Combinational ALUT usage for logic          ; 95        ;
;     -- 7 input functions                    ; 1         ;
;     -- 6 input functions                    ; 27        ;
;     -- 5 input functions                    ; 10        ;
;     -- 4 input functions                    ; 20        ;
;     -- <=3 input functions                  ; 37        ;
;                                             ;           ;
; Dedicated logic registers                   ; 129       ;
;                                             ;           ;
; I/O pins                                    ; 16        ;
; Total MLAB memory bits                      ; 0         ;
; Total block memory bits                     ; 1280      ;
;                                             ;           ;
; Total DSP Blocks                            ; 0         ;
;                                             ;           ;
; Maximum fan-out node                        ; clk~input ;
; Maximum fan-out                             ; 169       ;
; Total fan-out                               ; 1013      ;
; Average fan-out                             ; 3.42      ;
+---------------------------------------------+-----------+


+----------------------------------------------------------------------------------------------------------------------------------------------------------------------------------------------------------------------------------------------------------------------------------------------------------------------------------+
; Analysis & Synthesis Resource Utilization by Entity                                                                                                                                                                                                                                                                              ;
+----------------------------------------------+---------------------+---------------------------+-------------------+------------+------+--------------+-----------------------------------------------------------------------------------------------------------------------------------------+-----------------+--------------+
; Compilation Hierarchy Node                   ; Combinational ALUTs ; Dedicated Logic Registers ; Block Memory Bits ; DSP Blocks ; Pins ; Virtual Pins ; Full Hierarchy Name                                                                                                                     ; Entity Name     ; Library Name ;
+----------------------------------------------+---------------------+---------------------------+-------------------+------------+------+--------------+-----------------------------------------------------------------------------------------------------------------------------------------+-----------------+--------------+
; |Authenticator                               ; 95 (1)              ; 129 (0)                   ; 1280              ; 0          ; 16   ; 0            ; |Authenticator                                                                                                                          ; Authenticator   ; work         ;
;    |ButtonShaper:ButtonPulse|                ; 2 (2)               ; 2 (2)                     ; 0                 ; 0          ; 0    ; 0            ; |Authenticator|ButtonShaper:ButtonPulse                                                                                                 ; ButtonShaper    ; work         ;
;    |IDHandler:Check_ID|                      ; 52 (52)             ; 56 (56)                   ; 512               ; 0          ; 0    ; 0            ; |Authenticator|IDHandler:Check_ID                                                                                                       ; IDHandler       ; work         ;
;       |PlayerIDROM_16:PlayerID_ROM|          ; 0 (0)               ; 0 (0)                     ; 512               ; 0          ; 0    ; 0            ; |Authenticator|IDHandler:Check_ID|PlayerIDROM_16:PlayerID_ROM                                                                           ; PlayerIDROM_16  ; work         ;
;          |altsyncram:altsyncram_component|   ; 0 (0)               ; 0 (0)                     ; 512               ; 0          ; 0    ; 0            ; |Authenticator|IDHandler:Check_ID|PlayerIDROM_16:PlayerID_ROM|altsyncram:altsyncram_component                                           ; altsyncram      ; work         ;
;             |altsyncram_03g1:auto_generated| ; 0 (0)               ; 0 (0)                     ; 512               ; 0          ; 0    ; 0            ; |Authenticator|IDHandler:Check_ID|PlayerIDROM_16:PlayerID_ROM|altsyncram:altsyncram_component|altsyncram_03g1:auto_generated            ; altsyncram_03g1 ; work         ;
;    |PasswordHandler:Check_Password|          ; 40 (40)             ; 71 (71)                   ; 768               ; 0          ; 0    ; 0            ; |Authenticator|PasswordHandler:Check_Password                                                                                           ; PasswordHandler ; work         ;
;       |PasswordROM_24:PasswordROM|           ; 0 (0)               ; 0 (0)                     ; 768               ; 0          ; 0    ; 0            ; |Authenticator|PasswordHandler:Check_Password|PasswordROM_24:PasswordROM                                                                ; PasswordROM_24  ; work         ;
;          |altsyncram:altsyncram_component|   ; 0 (0)               ; 0 (0)                     ; 768               ; 0          ; 0    ; 0            ; |Authenticator|PasswordHandler:Check_Password|PasswordROM_24:PasswordROM|altsyncram:altsyncram_component                                ; altsyncram      ; work         ;
;             |altsyncram_ndg1:auto_generated| ; 0 (0)               ; 0 (0)                     ; 768               ; 0          ; 0    ; 0            ; |Authenticator|PasswordHandler:Check_Password|PasswordROM_24:PasswordROM|altsyncram:altsyncram_component|altsyncram_ndg1:auto_generated ; altsyncram_ndg1 ; work         ;
+----------------------------------------------+---------------------+---------------------------+-------------------+------------+------+--------------+-----------------------------------------------------------------------------------------------------------------------------------------+-----------------+--------------+
Note: For table entries with two numbers listed, the numbers in parentheses indicate the number of resources of the given type used by the specific entity alone. The numbers listed outside of parentheses indicate the total resources of the given type used by the specific entity and all of its sub-entities in the hierarchy.


+--------------------------------------------------------------------------------------------------------------------------------------------------------------------------------------------------------------------------------------------+
; Analysis & Synthesis RAM Summary                                                                                                                                                                                                           ;
+-------------------------------------------------------------------------------------------------------------------------------------+------+------+--------------+--------------+--------------+--------------+------+---------------------+
; Name                                                                                                                                ; Type ; Mode ; Port A Depth ; Port A Width ; Port B Depth ; Port B Width ; Size ; MIF                 ;
+-------------------------------------------------------------------------------------------------------------------------------------+------+------+--------------+--------------+--------------+--------------+------+---------------------+
; IDHandler:Check_ID|PlayerIDROM_16:PlayerID_ROM|altsyncram:altsyncram_component|altsyncram_03g1:auto_generated|ALTSYNCRAM            ; AUTO ; ROM  ; 32           ; 16           ; --           ; --           ; 512  ; IDROM_memory.hex    ;
; PasswordHandler:Check_Password|PasswordROM_24:PasswordROM|altsyncram:altsyncram_component|altsyncram_ndg1:auto_generated|ALTSYNCRAM ; AUTO ; ROM  ; 32           ; 24           ; --           ; --           ; 768  ; Password_memory.hex ;
+-------------------------------------------------------------------------------------------------------------------------------------+------+------+--------------+--------------+--------------+--------------+------+---------------------+


Encoding Type:  One-Hot
+--------------------------------------------------------------------------------------------------------------------------------------------------------------------------------------------------------------------------+
; State Machine - |Authenticator|PasswordHandler:Check_Password|State                                                                                                                                                      ;
+-----------------+--------------+---------------+-----------------+-------------+-------------+-----------------+--------------+--------------+--------------+--------------+--------------+--------------+---------------+
; Name            ; State.PASSED ; State.COMPARE ; State.CATCH_ROM ; State.WAIT2 ; State.WAIT1 ; State.FETCH_ROM ; State.DIGIT6 ; State.DIGIT5 ; State.DIGIT4 ; State.DIGIT3 ; State.DIGIT2 ; State.DIGIT1 ; State.STANDBY ;
+-----------------+--------------+---------------+-----------------+-------------+-------------+-----------------+--------------+--------------+--------------+--------------+--------------+--------------+---------------+
; State.STANDBY   ; 0            ; 0             ; 0               ; 0           ; 0           ; 0               ; 0            ; 0            ; 0            ; 0            ; 0            ; 0            ; 0             ;
; State.DIGIT1    ; 0            ; 0             ; 0               ; 0           ; 0           ; 0               ; 0            ; 0            ; 0            ; 0            ; 0            ; 1            ; 1             ;
; State.DIGIT2    ; 0            ; 0             ; 0               ; 0           ; 0           ; 0               ; 0            ; 0            ; 0            ; 0            ; 1            ; 0            ; 1             ;
; State.DIGIT3    ; 0            ; 0             ; 0               ; 0           ; 0           ; 0               ; 0            ; 0            ; 0            ; 1            ; 0            ; 0            ; 1             ;
; State.DIGIT4    ; 0            ; 0             ; 0               ; 0           ; 0           ; 0               ; 0            ; 0            ; 1            ; 0            ; 0            ; 0            ; 1             ;
; State.DIGIT5    ; 0            ; 0             ; 0               ; 0           ; 0           ; 0               ; 0            ; 1            ; 0            ; 0            ; 0            ; 0            ; 1             ;
; State.DIGIT6    ; 0            ; 0             ; 0               ; 0           ; 0           ; 0               ; 1            ; 0            ; 0            ; 0            ; 0            ; 0            ; 1             ;
; State.FETCH_ROM ; 0            ; 0             ; 0               ; 0           ; 0           ; 1               ; 0            ; 0            ; 0            ; 0            ; 0            ; 0            ; 1             ;
; State.WAIT1     ; 0            ; 0             ; 0               ; 0           ; 1           ; 0               ; 0            ; 0            ; 0            ; 0            ; 0            ; 0            ; 1             ;
; State.WAIT2     ; 0            ; 0             ; 0               ; 1           ; 0           ; 0               ; 0            ; 0            ; 0            ; 0            ; 0            ; 0            ; 1             ;
; State.CATCH_ROM ; 0            ; 0             ; 1               ; 0           ; 0           ; 0               ; 0            ; 0            ; 0            ; 0            ; 0            ; 0            ; 1             ;
; State.COMPARE   ; 0            ; 1             ; 0               ; 0           ; 0           ; 0               ; 0            ; 0            ; 0            ; 0            ; 0            ; 0            ; 1             ;
; State.PASSED    ; 1            ; 0             ; 0               ; 0           ; 0           ; 0               ; 0            ; 0            ; 0            ; 0            ; 0            ; 0            ; 1             ;
+-----------------+--------------+---------------+-----------------+-------------+-------------+-----------------+--------------+--------------+--------------+--------------+--------------+--------------+---------------+


Encoding Type:  One-Hot
+-------------------------------------------------------------------------------------------------------------------------------------------------------------------------------------+
; State Machine - |Authenticator|IDHandler:Check_ID|State                                                                                                                             ;
+-------------------+----------------+-------------------+---------------+-----------------+------------+-----------------+--------------+--------------+--------------+--------------+
; Name              ; State.ID_MATCH ; State.CHECK_GUEST ; State.COMPARE ; State.CATCH_ROM ; State.WAIT ; State.FETCH_ROM ; State.DIGIT4 ; State.DIGIT3 ; State.DIGIT2 ; State.DIGIT1 ;
+-------------------+----------------+-------------------+---------------+-----------------+------------+-----------------+--------------+--------------+--------------+--------------+
; State.DIGIT1      ; 0              ; 0                 ; 0             ; 0               ; 0          ; 0               ; 0            ; 0            ; 0            ; 0            ;
; State.DIGIT2      ; 0              ; 0                 ; 0             ; 0               ; 0          ; 0               ; 0            ; 0            ; 1            ; 1            ;
; State.DIGIT3      ; 0              ; 0                 ; 0             ; 0               ; 0          ; 0               ; 0            ; 1            ; 0            ; 1            ;
; State.DIGIT4      ; 0              ; 0                 ; 0             ; 0               ; 0          ; 0               ; 1            ; 0            ; 0            ; 1            ;
; State.FETCH_ROM   ; 0              ; 0                 ; 0             ; 0               ; 0          ; 1               ; 0            ; 0            ; 0            ; 1            ;
; State.WAIT        ; 0              ; 0                 ; 0             ; 0               ; 1          ; 0               ; 0            ; 0            ; 0            ; 1            ;
; State.CATCH_ROM   ; 0              ; 0                 ; 0             ; 1               ; 0          ; 0               ; 0            ; 0            ; 0            ; 1            ;
; State.COMPARE     ; 0              ; 0                 ; 1             ; 0               ; 0          ; 0               ; 0            ; 0            ; 0            ; 1            ;
; State.CHECK_GUEST ; 0              ; 1                 ; 0             ; 0               ; 0          ; 0               ; 0            ; 0            ; 0            ; 1            ;
; State.ID_MATCH    ; 1              ; 0                 ; 0             ; 0               ; 0          ; 0               ; 0            ; 0            ; 0            ; 1            ;
+-------------------+----------------+-------------------+---------------+-----------------+------------+-----------------+--------------+--------------+--------------+--------------+


Encoding Type:  One-Hot
+---------------------------------------------------------------+
; State Machine - |Authenticator|ButtonShaper:ButtonPulse|State ;
+-------------+------------+------------+-----------------------+
; Name        ; State.INIT ; State.WAIT ; State.PULSE           ;
+-------------+------------+------------+-----------------------+
; State.INIT  ; 0          ; 0          ; 0                     ;
; State.PULSE ; 1          ; 0          ; 1                     ;
; State.WAIT  ; 1          ; 1          ; 0                     ;
+-------------+------------+------------+-----------------------+


+---------------------------------------------------------------------------------------------------+
; Registers Removed During Synthesis                                                                ;
+----------------------------------------------------------+----------------------------------------+
; Register name                                            ; Reason for Removal                     ;
+----------------------------------------------------------+----------------------------------------+
; PasswordHandler:Check_Password|PlayerAddress_to_GC[0..4] ; Stuck at GND due to stuck port data_in ;
; PasswordHandler:Check_Password|State~15                  ; Lost fanout                            ;
; PasswordHandler:Check_Password|State~16                  ; Lost fanout                            ;
; PasswordHandler:Check_Password|State~17                  ; Lost fanout                            ;
; PasswordHandler:Check_Password|State~18                  ; Lost fanout                            ;
; IDHandler:Check_ID|State~12                              ; Lost fanout                            ;
; IDHandler:Check_ID|State~13                              ; Lost fanout                            ;
; IDHandler:Check_ID|State~14                              ; Lost fanout                            ;
; IDHandler:Check_ID|State~15                              ; Lost fanout                            ;
; ButtonShaper:ButtonPulse|State.WAIT                      ; Lost fanout                            ;
; Total Number of Removed Registers = 14                   ;                                        ;
+----------------------------------------------------------+----------------------------------------+


+------------------------------------------------------+
; General Register Statistics                          ;
+----------------------------------------------+-------+
; Statistic                                    ; Value ;
+----------------------------------------------+-------+
; Total registers                              ; 129   ;
; Number of registers using Synchronous Clear  ; 2     ;
; Number of registers using Synchronous Load   ; 2     ;
; Number of registers using Asynchronous Clear ; 0     ;
; Number of registers using Asynchronous Load  ; 0     ;
; Number of registers using Clock Enable       ; 102   ;
; Number of registers using Preset             ; 0     ;
+----------------------------------------------+-------+


+-------------------------------------------------------------------------------------------------------------------------------------------------------------------+
; Multiplexer Restructuring Statistics (Restructuring Performed)                                                                                                    ;
+--------------------+-----------+---------------+----------------------+------------------------+------------+-----------------------------------------------------+
; Multiplexer Inputs ; Bus Width ; Baseline Area ; Area if Restructured ; Saving if Restructured ; Registered ; Example Multiplexer Output                          ;
+--------------------+-----------+---------------+----------------------+------------------------+------------+-----------------------------------------------------+
; 4:1                ; 5 bits    ; 10 LEs        ; 10 LEs               ; 0 LEs                  ; Yes        ; |Authenticator|IDHandler:Check_ID|PlayerAddress[3]  ;
; 5:1                ; 5 bits    ; 15 LEs        ; 10 LEs               ; 5 LEs                  ; Yes        ; |Authenticator|IDHandler:Check_ID|ROM_Address[3]    ;
; 7:1                ; 2 bits    ; 8 LEs         ; 8 LEs                ; 0 LEs                  ; No         ; |Authenticator|IDHandler:Check_ID|Selector5         ;
; 10:1               ; 2 bits    ; 12 LEs        ; 8 LEs                ; 4 LEs                  ; No         ; |Authenticator|PasswordHandler:Check_Password|State ;
+--------------------+-----------+---------------+----------------------+------------------------+------------+-----------------------------------------------------+


+--------------------------------------------------------------------------------------------------------------------------------------+
; Source assignments for IDHandler:Check_ID|PlayerIDROM_16:PlayerID_ROM|altsyncram:altsyncram_component|altsyncram_03g1:auto_generated ;
+---------------------------------+--------------------+------+------------------------------------------------------------------------+
; Assignment                      ; Value              ; From ; To                                                                     ;
+---------------------------------+--------------------+------+------------------------------------------------------------------------+
; OPTIMIZE_POWER_DURING_SYNTHESIS ; NORMAL_COMPILATION ; -    ; -                                                                      ;
+---------------------------------+--------------------+------+------------------------------------------------------------------------+


+-------------------------------------------------------------------------------------------------------------------------------------------------+
; Source assignments for PasswordHandler:Check_Password|PasswordROM_24:PasswordROM|altsyncram:altsyncram_component|altsyncram_ndg1:auto_generated ;
+---------------------------------+--------------------+------+-----------------------------------------------------------------------------------+
; Assignment                      ; Value              ; From ; To                                                                                ;
+---------------------------------+--------------------+------+-----------------------------------------------------------------------------------+
; OPTIMIZE_POWER_DURING_SYNTHESIS ; NORMAL_COMPILATION ; -    ; -                                                                                 ;
+---------------------------------+--------------------+------+-----------------------------------------------------------------------------------+


+-----------------------------------------------------------------------+
; Parameter Settings for User Entity Instance: ButtonShaper:ButtonPulse ;
+----------------+-------+----------------------------------------------+
; Parameter Name ; Value ; Type                                         ;
+----------------+-------+----------------------------------------------+
; INIT           ; 0     ; Signed Integer                               ;
; PULSE          ; 1     ; Signed Integer                               ;
; WAIT           ; 2     ; Signed Integer                               ;
+----------------+-------+----------------------------------------------+
Note: In order to hide this table in the UI and the text report file, please set the "Show Parameter Settings in Synthesis Report" option in "Analysis and Synthesis Settings -> More Settings" to "Off".


+-----------------------------------------------------------------+
; Parameter Settings for User Entity Instance: IDHandler:Check_ID ;
+----------------+-------+----------------------------------------+
; Parameter Name ; Value ; Type                                   ;
+----------------+-------+----------------------------------------+
; DIGIT1         ; 0     ; Signed Integer                         ;
; DIGIT2         ; 1     ; Signed Integer                         ;
; DIGIT3         ; 2     ; Signed Integer                         ;
; DIGIT4         ; 3     ; Signed Integer                         ;
; FETCH_ROM      ; 4     ; Signed Integer                         ;
; WAIT           ; 5     ; Signed Integer                         ;
; CATCH_ROM      ; 6     ; Signed Integer                         ;
; COMPARE        ; 7     ; Signed Integer                         ;
; CHECK_GUEST    ; 8     ; Signed Integer                         ;
; ID_MATCH       ; 9     ; Signed Integer                         ;
+----------------+-------+----------------------------------------+
Note: In order to hide this table in the UI and the text report file, please set the "Show Parameter Settings in Synthesis Report" option in "Analysis and Synthesis Settings -> More Settings" to "Off".


+-----------------------------------------------------------------------------------------------------------------------------+
; Parameter Settings for User Entity Instance: IDHandler:Check_ID|PlayerIDROM_16:PlayerID_ROM|altsyncram:altsyncram_component ;
+------------------------------------+----------------------+-----------------------------------------------------------------+
; Parameter Name                     ; Value                ; Type                                                            ;
+------------------------------------+----------------------+-----------------------------------------------------------------+
; BYTE_SIZE_BLOCK                    ; 8                    ; Untyped                                                         ;
; AUTO_CARRY_CHAINS                  ; ON                   ; AUTO_CARRY                                                      ;
; IGNORE_CARRY_BUFFERS               ; OFF                  ; IGNORE_CARRY                                                    ;
; AUTO_CASCADE_CHAINS                ; ON                   ; AUTO_CASCADE                                                    ;
; IGNORE_CASCADE_BUFFERS             ; OFF                  ; IGNORE_CASCADE                                                  ;
; WIDTH_BYTEENA                      ; 1                    ; Untyped                                                         ;
; OPERATION_MODE                     ; ROM                  ; Untyped                                                         ;
; WIDTH_A                            ; 16                   ; Signed Integer                                                  ;
; WIDTHAD_A                          ; 5                    ; Signed Integer                                                  ;
; NUMWORDS_A                         ; 32                   ; Signed Integer                                                  ;
; OUTDATA_REG_A                      ; CLOCK0               ; Untyped                                                         ;
; ADDRESS_ACLR_A                     ; NONE                 ; Untyped                                                         ;
; OUTDATA_ACLR_A                     ; NONE                 ; Untyped                                                         ;
; WRCONTROL_ACLR_A                   ; NONE                 ; Untyped                                                         ;
; INDATA_ACLR_A                      ; NONE                 ; Untyped                                                         ;
; BYTEENA_ACLR_A                     ; NONE                 ; Untyped                                                         ;
; WIDTH_B                            ; 1                    ; Untyped                                                         ;
; WIDTHAD_B                          ; 1                    ; Untyped                                                         ;
; NUMWORDS_B                         ; 1                    ; Untyped                                                         ;
; INDATA_REG_B                       ; CLOCK1               ; Untyped                                                         ;
; WRCONTROL_WRADDRESS_REG_B          ; CLOCK1               ; Untyped                                                         ;
; RDCONTROL_REG_B                    ; CLOCK1               ; Untyped                                                         ;
; ADDRESS_REG_B                      ; CLOCK1               ; Untyped                                                         ;
; OUTDATA_REG_B                      ; UNREGISTERED         ; Untyped                                                         ;
; BYTEENA_REG_B                      ; CLOCK1               ; Untyped                                                         ;
; INDATA_ACLR_B                      ; NONE                 ; Untyped                                                         ;
; WRCONTROL_ACLR_B                   ; NONE                 ; Untyped                                                         ;
; ADDRESS_ACLR_B                     ; NONE                 ; Untyped                                                         ;
; OUTDATA_ACLR_B                     ; NONE                 ; Untyped                                                         ;
; RDCONTROL_ACLR_B                   ; NONE                 ; Untyped                                                         ;
; BYTEENA_ACLR_B                     ; NONE                 ; Untyped                                                         ;
; WIDTH_BYTEENA_A                    ; 1                    ; Signed Integer                                                  ;
; WIDTH_BYTEENA_B                    ; 1                    ; Untyped                                                         ;
; RAM_BLOCK_TYPE                     ; AUTO                 ; Untyped                                                         ;
; BYTE_SIZE                          ; 8                    ; Untyped                                                         ;
; READ_DURING_WRITE_MODE_MIXED_PORTS ; DONT_CARE            ; Untyped                                                         ;
; READ_DURING_WRITE_MODE_PORT_A      ; NEW_DATA_NO_NBE_READ ; Untyped                                                         ;
; READ_DURING_WRITE_MODE_PORT_B      ; NEW_DATA_NO_NBE_READ ; Untyped                                                         ;
; INIT_FILE                          ; IDROM_memory.hex     ; Untyped                                                         ;
; INIT_FILE_LAYOUT                   ; PORT_A               ; Untyped                                                         ;
; MAXIMUM_DEPTH                      ; 0                    ; Untyped                                                         ;
; CLOCK_ENABLE_INPUT_A               ; BYPASS               ; Untyped                                                         ;
; CLOCK_ENABLE_INPUT_B               ; NORMAL               ; Untyped                                                         ;
; CLOCK_ENABLE_OUTPUT_A              ; BYPASS               ; Untyped                                                         ;
; CLOCK_ENABLE_OUTPUT_B              ; NORMAL               ; Untyped                                                         ;
; CLOCK_ENABLE_CORE_A                ; USE_INPUT_CLKEN      ; Untyped                                                         ;
; CLOCK_ENABLE_CORE_B                ; USE_INPUT_CLKEN      ; Untyped                                                         ;
; ENABLE_ECC                         ; FALSE                ; Untyped                                                         ;
; ECC_PIPELINE_STAGE_ENABLED         ; FALSE                ; Untyped                                                         ;
; WIDTH_ECCSTATUS                    ; 3                    ; Untyped                                                         ;
; DEVICE_FAMILY                      ; Cyclone V            ; Untyped                                                         ;
; CBXI_PARAMETER                     ; altsyncram_03g1      ; Untyped                                                         ;
+------------------------------------+----------------------+-----------------------------------------------------------------+
Note: In order to hide this table in the UI and the text report file, please set the "Show Parameter Settings in Synthesis Report" option in "Analysis and Synthesis Settings -> More Settings" to "Off".


+-----------------------------------------------------------------------------+
; Parameter Settings for User Entity Instance: PasswordHandler:Check_Password ;
+----------------+-------+----------------------------------------------------+
; Parameter Name ; Value ; Type                                               ;
+----------------+-------+----------------------------------------------------+
; STANDBY        ; 0     ; Signed Integer                                     ;
; DIGIT1         ; 1     ; Signed Integer                                     ;
; DIGIT2         ; 2     ; Signed Integer                                     ;
; DIGIT3         ; 3     ; Signed Integer                                     ;
; DIGIT4         ; 4     ; Signed Integer                                     ;
; DIGIT5         ; 5     ; Signed Integer                                     ;
; DIGIT6         ; 6     ; Signed Integer                                     ;
; FETCH_ROM      ; 7     ; Signed Integer                                     ;
; WAIT1          ; 8     ; Signed Integer                                     ;
; WAIT2          ; 9     ; Signed Integer                                     ;
; CATCH_ROM      ; 10    ; Signed Integer                                     ;
; COMPARE        ; 11    ; Signed Integer                                     ;
; PASSED         ; 12    ; Signed Integer                                     ;
+----------------+-------+----------------------------------------------------+
Note: In order to hide this table in the UI and the text report file, please set the "Show Parameter Settings in Synthesis Report" option in "Analysis and Synthesis Settings -> More Settings" to "Off".


+----------------------------------------------------------------------------------------------------------------------------------------+
; Parameter Settings for User Entity Instance: PasswordHandler:Check_Password|PasswordROM_24:PasswordROM|altsyncram:altsyncram_component ;
+------------------------------------+----------------------+----------------------------------------------------------------------------+
; Parameter Name                     ; Value                ; Type                                                                       ;
+------------------------------------+----------------------+----------------------------------------------------------------------------+
; BYTE_SIZE_BLOCK                    ; 8                    ; Untyped                                                                    ;
; AUTO_CARRY_CHAINS                  ; ON                   ; AUTO_CARRY                                                                 ;
; IGNORE_CARRY_BUFFERS               ; OFF                  ; IGNORE_CARRY                                                               ;
; AUTO_CASCADE_CHAINS                ; ON                   ; AUTO_CASCADE                                                               ;
; IGNORE_CASCADE_BUFFERS             ; OFF                  ; IGNORE_CASCADE                                                             ;
; WIDTH_BYTEENA                      ; 1                    ; Untyped                                                                    ;
; OPERATION_MODE                     ; ROM                  ; Untyped                                                                    ;
; WIDTH_A                            ; 24                   ; Signed Integer                                                             ;
; WIDTHAD_A                          ; 5                    ; Signed Integer                                                             ;
; NUMWORDS_A                         ; 32                   ; Signed Integer                                                             ;
; OUTDATA_REG_A                      ; CLOCK0               ; Untyped                                                                    ;
; ADDRESS_ACLR_A                     ; NONE                 ; Untyped                                                                    ;
; OUTDATA_ACLR_A                     ; NONE                 ; Untyped                                                                    ;
; WRCONTROL_ACLR_A                   ; NONE                 ; Untyped                                                                    ;
; INDATA_ACLR_A                      ; NONE                 ; Untyped                                                                    ;
; BYTEENA_ACLR_A                     ; NONE                 ; Untyped                                                                    ;
; WIDTH_B                            ; 1                    ; Untyped                                                                    ;
; WIDTHAD_B                          ; 1                    ; Untyped                                                                    ;
; NUMWORDS_B                         ; 1                    ; Untyped                                                                    ;
; INDATA_REG_B                       ; CLOCK1               ; Untyped                                                                    ;
; WRCONTROL_WRADDRESS_REG_B          ; CLOCK1               ; Untyped                                                                    ;
; RDCONTROL_REG_B                    ; CLOCK1               ; Untyped                                                                    ;
; ADDRESS_REG_B                      ; CLOCK1               ; Untyped                                                                    ;
; OUTDATA_REG_B                      ; UNREGISTERED         ; Untyped                                                                    ;
; BYTEENA_REG_B                      ; CLOCK1               ; Untyped                                                                    ;
; INDATA_ACLR_B                      ; NONE                 ; Untyped                                                                    ;
; WRCONTROL_ACLR_B                   ; NONE                 ; Untyped                                                                    ;
; ADDRESS_ACLR_B                     ; NONE                 ; Untyped                                                                    ;
; OUTDATA_ACLR_B                     ; NONE                 ; Untyped                                                                    ;
; RDCONTROL_ACLR_B                   ; NONE                 ; Untyped                                                                    ;
; BYTEENA_ACLR_B                     ; NONE                 ; Untyped                                                                    ;
; WIDTH_BYTEENA_A                    ; 1                    ; Signed Integer                                                             ;
; WIDTH_BYTEENA_B                    ; 1                    ; Untyped                                                                    ;
; RAM_BLOCK_TYPE                     ; AUTO                 ; Untyped                                                                    ;
; BYTE_SIZE                          ; 8                    ; Untyped                                                                    ;
; READ_DURING_WRITE_MODE_MIXED_PORTS ; DONT_CARE            ; Untyped                                                                    ;
; READ_DURING_WRITE_MODE_PORT_A      ; NEW_DATA_NO_NBE_READ ; Untyped                                                                    ;
; READ_DURING_WRITE_MODE_PORT_B      ; NEW_DATA_NO_NBE_READ ; Untyped                                                                    ;
; INIT_FILE                          ; Password_memory.hex  ; Untyped                                                                    ;
; INIT_FILE_LAYOUT                   ; PORT_A               ; Untyped                                                                    ;
; MAXIMUM_DEPTH                      ; 0                    ; Untyped                                                                    ;
; CLOCK_ENABLE_INPUT_A               ; BYPASS               ; Untyped                                                                    ;
; CLOCK_ENABLE_INPUT_B               ; NORMAL               ; Untyped                                                                    ;
; CLOCK_ENABLE_OUTPUT_A              ; BYPASS               ; Untyped                                                                    ;
; CLOCK_ENABLE_OUTPUT_B              ; NORMAL               ; Untyped                                                                    ;
; CLOCK_ENABLE_CORE_A                ; USE_INPUT_CLKEN      ; Untyped                                                                    ;
; CLOCK_ENABLE_CORE_B                ; USE_INPUT_CLKEN      ; Untyped                                                                    ;
; ENABLE_ECC                         ; FALSE                ; Untyped                                                                    ;
; ECC_PIPELINE_STAGE_ENABLED         ; FALSE                ; Untyped                                                                    ;
; WIDTH_ECCSTATUS                    ; 3                    ; Untyped                                                                    ;
; DEVICE_FAMILY                      ; Cyclone V            ; Untyped                                                                    ;
; CBXI_PARAMETER                     ; altsyncram_ndg1      ; Untyped                                                                    ;
+------------------------------------+----------------------+----------------------------------------------------------------------------+
Note: In order to hide this table in the UI and the text report file, please set the "Show Parameter Settings in Synthesis Report" option in "Analysis and Synthesis Settings -> More Settings" to "Off".


+---------------------------------------------------------------------------------------------------------------------------------------+
; altsyncram Parameter Settings by Entity Instance                                                                                      ;
+-------------------------------------------+-------------------------------------------------------------------------------------------+
; Name                                      ; Value                                                                                     ;
+-------------------------------------------+-------------------------------------------------------------------------------------------+
; Number of entity instances                ; 2                                                                                         ;
; Entity Instance                           ; IDHandler:Check_ID|PlayerIDROM_16:PlayerID_ROM|altsyncram:altsyncram_component            ;
;     -- OPERATION_MODE                     ; ROM                                                                                       ;
;     -- WIDTH_A                            ; 16                                                                                        ;
;     -- NUMWORDS_A                         ; 32                                                                                        ;
;     -- OUTDATA_REG_A                      ; CLOCK0                                                                                    ;
;     -- WIDTH_B                            ; 1                                                                                         ;
;     -- NUMWORDS_B                         ; 1                                                                                         ;
;     -- ADDRESS_REG_B                      ; CLOCK1                                                                                    ;
;     -- OUTDATA_REG_B                      ; UNREGISTERED                                                                              ;
;     -- RAM_BLOCK_TYPE                     ; AUTO                                                                                      ;
;     -- READ_DURING_WRITE_MODE_MIXED_PORTS ; DONT_CARE                                                                                 ;
; Entity Instance                           ; PasswordHandler:Check_Password|PasswordROM_24:PasswordROM|altsyncram:altsyncram_component ;
;     -- OPERATION_MODE                     ; ROM                                                                                       ;
;     -- WIDTH_A                            ; 24                                                                                        ;
;     -- NUMWORDS_A                         ; 32                                                                                        ;
;     -- OUTDATA_REG_A                      ; CLOCK0                                                                                    ;
;     -- WIDTH_B                            ; 1                                                                                         ;
;     -- NUMWORDS_B                         ; 1                                                                                         ;
;     -- ADDRESS_REG_B                      ; CLOCK1                                                                                    ;
;     -- OUTDATA_REG_B                      ; UNREGISTERED                                                                              ;
;     -- RAM_BLOCK_TYPE                     ; AUTO                                                                                      ;
;     -- READ_DURING_WRITE_MODE_MIXED_PORTS ; DONT_CARE                                                                                 ;
+-------------------------------------------+-------------------------------------------------------------------------------------------+


+------------------------------------------------------------------------------------------------------------------------+
; Port Connectivity Checks: "PasswordHandler:Check_Password"                                                             ;
+--------------+--------+----------+-------------------------------------------------------------------------------------+
; Port         ; Type   ; Severity ; Details                                                                             ;
+--------------+--------+----------+-------------------------------------------------------------------------------------+
; Logout_to_ID ; Output ; Info     ; Connected to dangling logic. Logic that only feeds a dangling port will be removed. ;
+--------------+--------+----------+-------------------------------------------------------------------------------------+


+-----------------------------------------------------+
; Post-Synthesis Netlist Statistics for Top Partition ;
+-----------------------+-----------------------------+
; Type                  ; Count                       ;
+-----------------------+-----------------------------+
; arriav_ff             ; 129                         ;
;     ENA               ; 102                         ;
;     SCLR              ; 2                           ;
;     SLD               ; 2                           ;
;     plain             ; 23                          ;
; arriav_lcell_comb     ; 96                          ;
;     extend            ; 1                           ;
;         7 data inputs ; 1                           ;
;     normal            ; 95                          ;
;         0 data inputs ; 1                           ;
;         1 data inputs ; 1                           ;
;         2 data inputs ; 19                          ;
;         3 data inputs ; 17                          ;
;         4 data inputs ; 20                          ;
;         5 data inputs ; 10                          ;
;         6 data inputs ; 27                          ;
; boundary_port         ; 16                          ;
; stratixv_ram_block    ; 40                          ;
;                       ;                             ;
; Max LUT depth         ; 3.00                        ;
; Average LUT depth     ; 1.87                        ;
+-----------------------+-----------------------------+


+-------------------------------+
; Elapsed Time Per Partition    ;
+----------------+--------------+
; Partition Name ; Elapsed Time ;
+----------------+--------------+
; Top            ; 00:00:00     ;
+----------------+--------------+


+-------------------------------+
; Analysis & Synthesis Messages ;
+-------------------------------+
Info: *******************************************************************
Info: Running Quartus Prime Analysis & Synthesis
    Info: Version 20.1.1 Build 720 11/11/2020 SJ Lite Edition
    Info: Processing started: Fri May 06 15:30:39 2022
Info: Command: quartus_map --read_settings_files=on --write_settings_files=off Authenticator -c Authenticator
Warning (18236): Number of processors has not been specified which may cause overloading on shared machines.  Set the global assignment NUM_PARALLEL_PROCESSORS in your QSF to an appropriate value for best performance.
Info (20030): Parallel compilation is enabled and will use 6 of the 6 processors detected
Info (12021): Found 1 design units, including 1 entities, in source file /users/user/desktop/ece uh/ece courses/ece 5440 - advanced digital design/project/segmentrunner/src/playeridrom_16.v
    Info (12023): Found entity 1: PlayerIDROM_16 File: C:/Users/User/Desktop/ECE UH/ECE Courses/ECE 5440 - Advanced Digital Design/Project/SegmentRunner/src/PlayerIDROM_16.v Line: 40
Info (12021): Found 1 design units, including 1 entities, in source file /users/user/desktop/ece uh/ece courses/ece 5440 - advanced digital design/project/segmentrunner/src/passwordrom_24.v
    Info (12023): Found entity 1: PasswordROM_24 File: C:/Users/User/Desktop/ECE UH/ECE Courses/ECE 5440 - Advanced Digital Design/Project/SegmentRunner/src/PasswordROM_24.v Line: 40
Info (12021): Found 1 design units, including 1 entities, in source file /users/user/desktop/ece uh/ece courses/ece 5440 - advanced digital design/project/segmentrunner/src/passwordhandler.v
    Info (12023): Found entity 1: PasswordHandler File: C:/Users/User/Desktop/ECE UH/ECE Courses/ECE 5440 - Advanced Digital Design/Project/SegmentRunner/src/PasswordHandler.v Line: 8
Info (12021): Found 1 design units, including 1 entities, in source file /users/user/desktop/ece uh/ece courses/ece 5440 - advanced digital design/project/segmentrunner/src/idhandler.v
    Info (12023): Found entity 1: IDHandler File: C:/Users/User/Desktop/ECE UH/ECE Courses/ECE 5440 - Advanced Digital Design/Project/SegmentRunner/src/IDHandler.v Line: 8
Info (12021): Found 1 design units, including 1 entities, in source file /users/user/desktop/ece uh/ece courses/ece 5440 - advanced digital design/project/segmentrunner/src/buttonshaper.v
    Info (12023): Found entity 1: ButtonShaper File: C:/Users/User/Desktop/ECE UH/ECE Courses/ECE 5440 - Advanced Digital Design/Project/SegmentRunner/src/ButtonShaper.v Line: 7
Info (12021): Found 1 design units, including 1 entities, in source file /users/user/desktop/ece uh/ece courses/ece 5440 - advanced digital design/project/segmentrunner/src/authenticator.v
    Info (12023): Found entity 1: Authenticator File: C:/Users/User/Desktop/ECE UH/ECE Courses/ECE 5440 - Advanced Digital Design/Project/SegmentRunner/src/Authenticator.v Line: 1
Info (12127): Elaborating entity "Authenticator" for the top level hierarchy
Info (12128): Elaborating entity "ButtonShaper" for hierarchy "ButtonShaper:ButtonPulse" File: C:/Users/User/Desktop/ECE UH/ECE Courses/ECE 5440 - Advanced Digital Design/Project/SegmentRunner/src/Authenticator.v Line: 18
Info (12128): Elaborating entity "IDHandler" for hierarchy "IDHandler:Check_ID" File: C:/Users/User/Desktop/ECE UH/ECE Courses/ECE 5440 - Advanced Digital Design/Project/SegmentRunner/src/Authenticator.v Line: 20
Warning (10230): Verilog HDL assignment warning at IDHandler.v(82): truncated value with size 32 to match size of target (2) File: C:/Users/User/Desktop/ECE UH/ECE Courses/ECE 5440 - Advanced Digital Design/Project/SegmentRunner/src/IDHandler.v Line: 82
Warning (10230): Verilog HDL assignment warning at IDHandler.v(99): truncated value with size 32 to match size of target (5) File: C:/Users/User/Desktop/ECE UH/ECE Courses/ECE 5440 - Advanced Digital Design/Project/SegmentRunner/src/IDHandler.v Line: 99
Info (12128): Elaborating entity "PlayerIDROM_16" for hierarchy "IDHandler:Check_ID|PlayerIDROM_16:PlayerID_ROM" File: C:/Users/User/Desktop/ECE UH/ECE Courses/ECE 5440 - Advanced Digital Design/Project/SegmentRunner/src/IDHandler.v Line: 34
Info (12128): Elaborating entity "altsyncram" for hierarchy "IDHandler:Check_ID|PlayerIDROM_16:PlayerID_ROM|altsyncram:altsyncram_component" File: C:/Users/User/Desktop/ECE UH/ECE Courses/ECE 5440 - Advanced Digital Design/Project/SegmentRunner/src/PlayerIDROM_16.v Line: 82
Info (12130): Elaborated megafunction instantiation "IDHandler:Check_ID|PlayerIDROM_16:PlayerID_ROM|altsyncram:altsyncram_component" File: C:/Users/User/Desktop/ECE UH/ECE Courses/ECE 5440 - Advanced Digital Design/Project/SegmentRunner/src/PlayerIDROM_16.v Line: 82
Info (12133): Instantiated megafunction "IDHandler:Check_ID|PlayerIDROM_16:PlayerID_ROM|altsyncram:altsyncram_component" with the following parameter: File: C:/Users/User/Desktop/ECE UH/ECE Courses/ECE 5440 - Advanced Digital Design/Project/SegmentRunner/src/PlayerIDROM_16.v Line: 82
    Info (12134): Parameter "address_aclr_a" = "NONE"
    Info (12134): Parameter "clock_enable_input_a" = "BYPASS"
    Info (12134): Parameter "clock_enable_output_a" = "BYPASS"
    Info (12134): Parameter "init_file" = "IDROM_memory.hex"
    Info (12134): Parameter "intended_device_family" = "Cyclone V"
    Info (12134): Parameter "lpm_hint" = "ENABLE_RUNTIME_MOD=NO"
    Info (12134): Parameter "lpm_type" = "altsyncram"
    Info (12134): Parameter "numwords_a" = "32"
    Info (12134): Parameter "operation_mode" = "ROM"
    Info (12134): Parameter "outdata_aclr_a" = "NONE"
    Info (12134): Parameter "outdata_reg_a" = "CLOCK0"
    Info (12134): Parameter "widthad_a" = "5"
    Info (12134): Parameter "width_a" = "16"
    Info (12134): Parameter "width_byteena_a" = "1"
Info (12021): Found 1 design units, including 1 entities, in source file db/altsyncram_03g1.tdf
    Info (12023): Found entity 1: altsyncram_03g1 File: C:/Users/User/Desktop/ECE UH/ECE Courses/ECE 5440 - Advanced Digital Design/Project/SegmentRunner/syn/Authenticator/db/altsyncram_03g1.tdf Line: 28
Info (12128): Elaborating entity "altsyncram_03g1" for hierarchy "IDHandler:Check_ID|PlayerIDROM_16:PlayerID_ROM|altsyncram:altsyncram_component|altsyncram_03g1:auto_generated" File: c:/intelfpga_lite/20.1/quartus/libraries/megafunctions/altsyncram.tdf Line: 792
Info (12128): Elaborating entity "PasswordHandler" for hierarchy "PasswordHandler:Check_Password" File: C:/Users/User/Desktop/ECE UH/ECE Courses/ECE 5440 - Advanced Digital Design/Project/SegmentRunner/src/Authenticator.v Line: 24
Warning (10230): Verilog HDL assignment warning at PasswordHandler.v(119): truncated value with size 32 to match size of target (2) File: C:/Users/User/Desktop/ECE UH/ECE Courses/ECE 5440 - Advanced Digital Design/Project/SegmentRunner/src/PasswordHandler.v Line: 119
Info (12128): Elaborating entity "PasswordROM_24" for hierarchy "PasswordHandler:Check_Password|PasswordROM_24:PasswordROM" File: C:/Users/User/Desktop/ECE UH/ECE Courses/ECE 5440 - Advanced Digital Design/Project/SegmentRunner/src/PasswordHandler.v Line: 33
Info (12128): Elaborating entity "altsyncram" for hierarchy "PasswordHandler:Check_Password|PasswordROM_24:PasswordROM|altsyncram:altsyncram_component" File: C:/Users/User/Desktop/ECE UH/ECE Courses/ECE 5440 - Advanced Digital Design/Project/SegmentRunner/src/PasswordROM_24.v Line: 82
Info (12130): Elaborated megafunction instantiation "PasswordHandler:Check_Password|PasswordROM_24:PasswordROM|altsyncram:altsyncram_component" File: C:/Users/User/Desktop/ECE UH/ECE Courses/ECE 5440 - Advanced Digital Design/Project/SegmentRunner/src/PasswordROM_24.v Line: 82
Info (12133): Instantiated megafunction "PasswordHandler:Check_Password|PasswordROM_24:PasswordROM|altsyncram:altsyncram_component" with the following parameter: File: C:/Users/User/Desktop/ECE UH/ECE Courses/ECE 5440 - Advanced Digital Design/Project/SegmentRunner/src/PasswordROM_24.v Line: 82
    Info (12134): Parameter "address_aclr_a" = "NONE"
    Info (12134): Parameter "clock_enable_input_a" = "BYPASS"
    Info (12134): Parameter "clock_enable_output_a" = "BYPASS"
    Info (12134): Parameter "init_file" = "Password_memory.hex"
    Info (12134): Parameter "intended_device_family" = "Cyclone V"
    Info (12134): Parameter "lpm_hint" = "ENABLE_RUNTIME_MOD=NO"
    Info (12134): Parameter "lpm_type" = "altsyncram"
    Info (12134): Parameter "numwords_a" = "32"
    Info (12134): Parameter "operation_mode" = "ROM"
    Info (12134): Parameter "outdata_aclr_a" = "NONE"
    Info (12134): Parameter "outdata_reg_a" = "CLOCK0"
    Info (12134): Parameter "widthad_a" = "5"
    Info (12134): Parameter "width_a" = "24"
    Info (12134): Parameter "width_byteena_a" = "1"
Info (12021): Found 1 design units, including 1 entities, in source file db/altsyncram_ndg1.tdf
    Info (12023): Found entity 1: altsyncram_ndg1 File: C:/Users/User/Desktop/ECE UH/ECE Courses/ECE 5440 - Advanced Digital Design/Project/SegmentRunner/syn/Authenticator/db/altsyncram_ndg1.tdf Line: 28
Info (12128): Elaborating entity "altsyncram_ndg1" for hierarchy "PasswordHandler:Check_Password|PasswordROM_24:PasswordROM|altsyncram:altsyncram_component|altsyncram_ndg1:auto_generated" File: c:/intelfpga_lite/20.1/quartus/libraries/megafunctions/altsyncram.tdf Line: 792
Warning (13024): Output pins are stuck at VCC or GND
    Warning (13410): Pin "PlayerAddress_to_GC[0]" is stuck at GND File: C:/Users/User/Desktop/ECE UH/ECE Courses/ECE 5440 - Advanced Digital Design/Project/SegmentRunner/src/Authenticator.v Line: 10
    Warning (13410): Pin "PlayerAddress_to_GC[1]" is stuck at GND File: C:/Users/User/Desktop/ECE UH/ECE Courses/ECE 5440 - Advanced Digital Design/Project/SegmentRunner/src/Authenticator.v Line: 10
    Warning (13410): Pin "PlayerAddress_to_GC[2]" is stuck at GND File: C:/Users/User/Desktop/ECE UH/ECE Courses/ECE 5440 - Advanced Digital Design/Project/SegmentRunner/src/Authenticator.v Line: 10
    Warning (13410): Pin "PlayerAddress_to_GC[3]" is stuck at GND File: C:/Users/User/Desktop/ECE UH/ECE Courses/ECE 5440 - Advanced Digital Design/Project/SegmentRunner/src/Authenticator.v Line: 10
    Warning (13410): Pin "PlayerAddress_to_GC[4]" is stuck at GND File: C:/Users/User/Desktop/ECE UH/ECE Courses/ECE 5440 - Advanced Digital Design/Project/SegmentRunner/src/Authenticator.v Line: 10
Info (286030): Timing-Driven Synthesis is running
Info (17049): 9 registers lost all their fanouts during netlist optimizations.
Info (144001): Generated suppressed messages file C:/Users/User/Desktop/ECE UH/ECE Courses/ECE 5440 - Advanced Digital Design/Project/SegmentRunner/syn/Authenticator/output_files/Authenticator.map.smsg
Info (16010): Generating hard_block partition "hard_block:auto_generated_inst"
    Info (16011): Adding 0 node(s), including 0 DDIO, 0 PLL, 0 transceiver and 0 LCELL
Info (21057): Implemented 240 device resources after synthesis - the final resource count might be different
    Info (21058): Implemented 8 input pins
    Info (21059): Implemented 8 output pins
    Info (21061): Implemented 184 logic cells
    Info (21064): Implemented 40 RAM segments
Info: Quartus Prime Analysis & Synthesis was successful. 0 errors, 10 warnings
    Info: Peak virtual memory: 4866 megabytes
    Info: Processing ended: Fri May 06 15:30:51 2022
    Info: Elapsed time: 00:00:12
    Info: Total CPU time (on all processors): 00:00:27


+------------------------------------------+
; Analysis & Synthesis Suppressed Messages ;
+------------------------------------------+
The suppressed messages can be found in C:/Users/User/Desktop/ECE UH/ECE Courses/ECE 5440 - Advanced Digital Design/Project/SegmentRunner/syn/Authenticator/output_files/Authenticator.map.smsg.


